time="2026-03-09T10:35:35+08:00" level=warning msg="registered a remote component but remoteService is not running! skipping..."
time="2026-03-09T10:35:35+08:00" level=info msg="registered handler room.join, isRawArg: false"
time="2026-03-09T10:35:35+08:00" level=info msg="registered handler room.message, isRawArg: false"
time="2026-03-09T10:35:35+08:00" level=info msg="starting server game:eee2340a-6963-4fc6-a831-e0746b51c6ba"
time="2026-03-09T10:35:35+08:00" level=debug msg="PROXY protocol is disabled for inbound connections"
time="2026-03-09T10:35:35+08:00" level=info msg="Waiting for Acceptor *main.KCPAcceptor to start on addr :3250"
time="2026-03-09T10:35:35+08:00" level=info msg="KCP Acceptor listening on :3250"
time="2026-03-09T10:35:35+08:00" level=info msg="Acceptor *main.KCPAcceptor on addr [::]:3250 is now accepting connections"
time="2026-03-09T10:35:35+08:00" level=debug msg="initializing all modules"
time="2026-03-09T10:35:35+08:00" level=info msg="all modules started!"
time="2026-03-09T10:35:40+08:00" level=debug msg="New session established" remote="127.0.0.1:50258" session_id=1 uid=
time="2026-03-09T10:35:40+08:00" level=debug msg="Received handshake packet"
time="2026-03-09T10:35:40+08:00" level=debug msg="Session handshake Id=1, Remote=127.0.0.1:50258"
time="2026-03-09T10:35:40+08:00" level=debug msg="Successfully saved handshake data"
time="2026-03-09T10:35:40+08:00" level=debug msg="Receive handshake ACK Id=1, Remote=127.0.0.1:50258"
time="2026-03-09T10:35:40+08:00" level=debug msg="SID=1, Data=\n\aPlayer1" requestId=PHcG75xTnAavWKO3edtrZ6 route=game.room.join userId=
time="2026-03-09T10:35:40+08:00" level=debug msg="Add user to group room, UID=1"
time="2026-03-09T10:35:40+08:00" level=debug msg="responding message to session" bytes=36 mid=1 session_id=1 type=Push uid=1
time="2026-03-09T10:35:41+08:00" level=debug msg="SID=1, Data=\x12\x10Hello KCP World!" requestId=IVumclD3iqTCGyIddRlatf route=game.room.message userId=1
time="2026-03-09T10:35:41+08:00" level=debug msg="Type=Broadcast Route=OnMessage, Data=senderId:1 content:\"Hello KCP World!\""
time="2026-03-09T10:35:41+08:00" level=debug msg="Type=PushToUsers Route=OnMessage, Data=senderId:1 content:\"Hello KCP World!\", SvType=game, #Users=1"
time="2026-03-09T10:35:41+08:00" level=debug msg="pushing message to session" bytes=20 route=OnMessage session_id=1 type=Push uid=1
time="2026-03-09T10:35:41+08:00" level=error msg="Failed to serialize return: serializer: value is nil"
time="2026-03-09T10:35:41+08:00" level=error msg="Serializer Marshal: expected proto.Message, got *protos.Error"
time="2026-03-09T10:35:41+08:00" level=error msg="cannot serialize message and respond to the client protobuf: convert on wrong type value, got *protos.Error"
time="2026-03-09T10:35:42+08:00" level=error msg="Failed to process notify message: protobuf: convert on wrong type value, got *protos.Error"
time="2026-03-09T10:36:09+08:00" level=warning msg="got signal: interrupt, shutting down..."
time="2026-03-09T10:36:09+08:00" level=warning msg="server is stopping..."
time="2026-03-09T10:36:09+08:00" level=info msg="closing all sessions, 1 sessions"
time="2026-03-09T10:36:09+08:00" level=debug msg="Session closed" remote_addr="127.0.0.1:50258" session_id=1 uid=1
time="2026-03-09T10:36:09+08:00" level=debug msg="Remove user from group room, UID=1"
time="2026-03-09T10:36:09+08:00" level=debug msg="0 sessions remaining"
time="2026-03-09T10:36:09+08:00" level=info msg="finished closing sessions"
time="2026-03-09T10:38:09+08:00" level=warning msg="registered a remote component but remoteService is not running! skipping..."
time="2026-03-09T10:38:09+08:00" level=info msg="registered handler room.join, isRawArg: false"
time="2026-03-09T10:38:09+08:00" level=info msg="registered handler room.message, isRawArg: false"
time="2026-03-09T10:38:09+08:00" level=info msg="starting server game:60931778-0b8e-4a22-86cc-933e521817a3"
time="2026-03-09T10:38:09+08:00" level=debug msg="PROXY protocol is disabled for inbound connections"
time="2026-03-09T10:38:09+08:00" level=info msg="Waiting for Acceptor *main.KCPAcceptor to start on addr :3250"
time="2026-03-09T10:38:09+08:00" level=info msg="KCP Acceptor listening on :3250"
time="2026-03-09T10:38:09+08:00" level=info msg="Acceptor *main.KCPAcceptor on addr [::]:3250 is now accepting connections"
time="2026-03-09T10:38:09+08:00" level=debug msg="initializing all modules"
time="2026-03-09T10:38:09+08:00" level=info msg="all modules started!"
time="2026-03-09T10:39:18+08:00" level=warning msg="registered a remote component but remoteService is not running! skipping..."
time="2026-03-09T10:39:18+08:00" level=info msg="registered handler room.join, isRawArg: false"
time="2026-03-09T10:39:18+08:00" level=info msg="registered handler room.message, isRawArg: false"
time="2026-03-09T10:39:18+08:00" level=info msg="starting server game:a7dea64c-5e53-4c52-890b-ce6cf6cf63cb"
time="2026-03-09T10:39:18+08:00" level=debug msg="PROXY protocol is disabled for inbound connections"
time="2026-03-09T10:39:18+08:00" level=info msg="Waiting for Acceptor *main.KCPAcceptor to start on addr :3250"
time="2026-03-09T10:39:18+08:00" level=fatal msg="Failed to listen: listen udp :3250: bind: Only one usage of each socket address (protocol/network address/port) is normally permitted."
time="2026-03-09T10:41:00+08:00" level=warning msg="registered a remote component but remoteService is not running! skipping..."
time="2026-03-09T10:41:00+08:00" level=info msg="registered handler room.join, isRawArg: false"
time="2026-03-09T10:41:00+08:00" level=info msg="registered handler room.message, isRawArg: false"
time="2026-03-09T10:41:00+08:00" level=info msg="starting server game:63429b20-2a76-4bd4-a5af-462c874ba517"
time="2026-03-09T10:41:00+08:00" level=debug msg="PROXY protocol is disabled for inbound connections"
time="2026-03-09T10:41:00+08:00" level=info msg="Waiting for Acceptor *main.KCPAcceptor to start on addr :3250"
time="2026-03-09T10:41:00+08:00" level=info msg="KCP Acceptor listening on :3250"
time="2026-03-09T10:41:00+08:00" level=info msg="Acceptor *main.KCPAcceptor on addr [::]:3250 is now accepting connections"
time="2026-03-09T10:41:00+08:00" level=debug msg="initializing all modules"
time="2026-03-09T10:41:00+08:00" level=info msg="all modules started!"
time="2026-03-09T10:41:29+08:00" level=debug msg="New session established" remote="127.0.0.1:62454" session_id=1 uid=
time="2026-03-09T10:41:29+08:00" level=debug msg="Received handshake packet"
time="2026-03-09T10:41:29+08:00" level=debug msg="Session handshake Id=1, Remote=127.0.0.1:62454"
time="2026-03-09T10:41:29+08:00" level=debug msg="Successfully saved handshake data"
time="2026-03-09T10:41:29+08:00" level=debug msg="Receive handshake ACK Id=1, Remote=127.0.0.1:62454"
time="2026-03-09T10:41:29+08:00" level=debug msg="SID=1, Data=\n\aPlayer1" requestId=qZteFuVUXbG8I1CWhSIlZk route=game.room.join userId=
time="2026-03-09T10:41:29+08:00" level=debug msg="Add user to group room, UID=1"
time="2026-03-09T10:41:29+08:00" level=debug msg="responding message to session" bytes=36 mid=1 session_id=1 type=Push uid=1
time="2026-03-09T10:41:30+08:00" level=debug msg="SID=1, Data=\x12\x10Hello KCP World!" requestId=IievRY1dGBDrHwDamzhdWo route=game.room.message userId=1
time="2026-03-09T10:41:30+08:00" level=debug msg="Type=Broadcast Route=OnMessage, Data=senderId:1  content:\"Hello KCP World!\""
time="2026-03-09T10:41:30+08:00" level=debug msg="Type=PushToUsers Route=OnMessage, Data=senderId:1  content:\"Hello KCP World!\", SvType=game, #Users=1"
time="2026-03-09T10:41:30+08:00" level=debug msg="pushing message to session" bytes=20 route=OnMessage session_id=1 type=Push uid=1
time="2026-03-09T10:43:47+08:00" level=warning msg="registered a remote component but remoteService is not running! skipping..."
time="2026-03-09T10:43:47+08:00" level=info msg="registered handler room.join, isRawArg: false"
time="2026-03-09T10:43:47+08:00" level=info msg="registered handler room.message, isRawArg: false"
time="2026-03-09T10:43:47+08:00" level=info msg="starting server game:d613ce19-3649-4757-9772-f73661c7cb26"
time="2026-03-09T10:43:47+08:00" level=debug msg="PROXY protocol is disabled for inbound connections"
time="2026-03-09T10:43:47+08:00" level=info msg="Waiting for Acceptor *main.KCPAcceptor to start on addr :3250"
time="2026-03-09T10:43:47+08:00" level=info msg="KCP Acceptor listening on :3250"
time="2026-03-09T10:43:47+08:00" level=info msg="Acceptor *main.KCPAcceptor on addr [::]:3250 is now accepting connections"
time="2026-03-09T10:43:47+08:00" level=debug msg="initializing all modules"
time="2026-03-09T10:43:47+08:00" level=info msg="all modules started!"
time="2026-03-09T10:43:54+08:00" level=debug msg="New session established" remote="127.0.0.1:51608" session_id=1 uid=
time="2026-03-09T10:43:54+08:00" level=debug msg="Received handshake packet"
time="2026-03-09T10:43:54+08:00" level=debug msg="Session handshake Id=1, Remote=127.0.0.1:51608"
time="2026-03-09T10:43:54+08:00" level=debug msg="Successfully saved handshake data"
time="2026-03-09T10:43:54+08:00" level=debug msg="Receive handshake ACK Id=1, Remote=127.0.0.1:51608"
time="2026-03-09T10:43:54+08:00" level=debug msg="SID=1, Data=\n\aPlayer1" requestId=eLVTm7CJZiXKNTRXUYyjpx route=game.room.join userId=
time="2026-03-09T10:43:54+08:00" level=debug msg="Add user to group room, UID=1"
time="2026-03-09T10:43:54+08:00" level=debug msg="responding message to session" bytes=36 mid=1 session_id=1 type=Push uid=1
time="2026-03-09T10:43:55+08:00" level=debug msg="SID=1, Data=\x12\x10Hello KCP World!" requestId=FhQ6yTU08mjxnro3D6yHm6 route=game.room.message userId=1
time="2026-03-09T10:43:55+08:00" level=debug msg="Type=Broadcast Route=OnMessage, Data=senderId:1  content:\"Hello KCP World!\""
time="2026-03-09T10:43:55+08:00" level=debug msg="Type=PushToUsers Route=OnMessage, Data=senderId:1  content:\"Hello KCP World!\", SvType=game, #Users=1"
time="2026-03-09T10:43:55+08:00" level=debug msg="pushing message to session" bytes=20 route=OnMessage session_id=1 type=Push uid=1
time="2026-03-09T10:44:01+08:00" level=debug msg="New session established" remote="127.0.0.1:55091" session_id=2 uid=
time="2026-03-09T10:44:01+08:00" level=debug msg="Received handshake packet"
time="2026-03-09T10:44:01+08:00" level=debug msg="Session handshake Id=2, Remote=127.0.0.1:55091"
time="2026-03-09T10:44:01+08:00" level=debug msg="Successfully saved handshake data"
time="2026-03-09T10:44:01+08:00" level=debug msg="Receive handshake ACK Id=2, Remote=127.0.0.1:55091"
time="2026-03-09T10:44:01+08:00" level=debug msg="SID=2, Data=\n\aPlayer1" requestId=lLhEMfOMTYj3BiGX0FN5I5 route=game.room.join userId=
time="2026-03-09T10:44:01+08:00" level=debug msg="Add user to group room, UID=2"
time="2026-03-09T10:44:01+08:00" level=debug msg="responding message to session" bytes=36 mid=1 session_id=2 type=Push uid=2
time="2026-03-09T10:44:02+08:00" level=debug msg="SID=2, Data=\x12\x10Hello KCP World!" requestId=lqo42oewMS7uYux4IPH7uJ route=game.room.message userId=2
time="2026-03-09T10:44:02+08:00" level=debug msg="Type=Broadcast Route=OnMessage, Data=senderId:2  content:\"Hello KCP World!\""
time="2026-03-09T10:44:02+08:00" level=debug msg="Type=PushToUsers Route=OnMessage, Data=senderId:2  content:\"Hello KCP World!\", SvType=game, #Users=2"
time="2026-03-09T10:44:02+08:00" level=debug msg="pushing message to session" bytes=20 route=OnMessage session_id=1 type=Push uid=1
time="2026-03-09T10:44:02+08:00" level=debug msg="pushing message to session" bytes=20 route=OnMessage session_id=2 type=Push uid=2
time="2026-03-09T10:44:33+08:00" level=warning msg="got signal: interrupt, shutting down..."
time="2026-03-09T10:44:33+08:00" level=warning msg="server is stopping..."
time="2026-03-09T10:44:33+08:00" level=info msg="closing all sessions, 2 sessions"
time="2026-03-09T10:44:33+08:00" level=debug msg="Session closed" remote_addr="127.0.0.1:55091" session_id=2 uid=2
time="2026-03-09T10:44:33+08:00" level=debug msg="Remove user from group room, UID=2"
time="2026-03-09T10:44:33+08:00" level=debug msg="Session closed" remote_addr="127.0.0.1:51608" session_id=1 uid=1
time="2026-03-09T10:44:33+08:00" level=debug msg="Remove user from group room, UID=1"
time="2026-03-09T10:44:33+08:00" level=debug msg="Session handle goroutine exit" session_id=2 uid=2
time="2026-03-09T10:44:33+08:00" level=debug msg="0 sessions remaining"
time="2026-03-09T10:44:33+08:00" level=debug msg="Session handle goroutine exit" session_id=1 uid=1
time="2026-03-09T10:44:33+08:00" level=info msg="finished closing sessions"
